android/build/intermediates/manifest_merge_blame_file/debug/processDebugManifest/manifest-merger-blame-debug-report.txt
1<?xml version="1.0" encoding="utf-8"?>
2<manifest xmlns:android="http://schemas.android.com/apk/res/android"
3    package="com.salesforce.androidsdk.reactnative"
4    android:versionCode="94"
5    android:versionName="14.0.0.dev" >
6
7    <uses-sdk android:minSdkVersion="28" />
8
9    <application>
9-->SalesforceMobileSDK-ReactNative/android/AndroidManifest.xml:7:5-10:19
10        <activity
10-->SalesforceMobileSDK-ReactNative/android/AndroidManifest.xml:8:9-9:59
11            android:name="com.salesforce.androidsdk.reactnative.ui.SalesforceReactActivity"
11-->SalesforceMobileSDK-ReactNative/android/AndroidManifest.xml:8:19-61
12            android:enableOnBackInvokedCallback="false" />
12-->SalesforceMobileSDK-ReactNative/android/AndroidManifest.xml:9:13-56
13    </application>
14
15</manifest>